warning: Git tree '/etc/nixos' is dirty
building the system configuration...
warning: Git tree '/etc/nixos' is dirty
these 12 derivations will be built:
  /nix/store/nng6j7750r5xhhzizha87bs0a3m99fsh-system-path.drv
  /nix/store/f18ry6w5fazkl28xflk2f7vjqini1qxn-X-Restart-Triggers-polkit.drv
  /nix/store/10zn3wnmrhbya9yfxwhx3jrdwwq9gsap-unit-polkit.service.drv
  /nix/store/a0zgq9gydqx0gn3rii5747bbb3qag1lz-dbus-1.drv
  /nix/store/xvk972kzg26wv8x0y8i9dngbl02xf8v4-X-Restart-Triggers-dbus.drv
  /nix/store/5jzjjlvcn6q635yxcys5sbcz1fx2dkp7-unit-dbus.service.drv
  /nix/store/28vbzasvriz60dsaycsa65cm1nl0p7bb-user-units.drv
  /nix/store/9gd27xywm62zlvjf7mif4xi8drj8va3v-unit-accounts-daemon.service.drv
  /nix/store/ryix3siprzm3f1mwkbiyysxbyxdpv28h-unit-dbus.service.drv
  /nix/store/6j9298dj3d693k1rrmccwsnqgg9gpj0a-system-units.drv
  /nix/store/9vyqid05q0gkkldkx0rhsmka46lvzy4p-etc.drv
  /nix/store/pssfd1fzw57v13ah9jkdycg5qiayz2md-nixos-system-angryluck-25.05.20250208.a79cfe0.drv
these 2 paths will be fetched (0.11 MiB download, 0.32 MiB unpacked):
  /nix/store/hif3h3g8mvvrgsbmxqzxhd11h2rrh2mw-dunst-1.12.1
  /nix/store/0jynjh85294f9pczwnv12j26xdb0y5sd-dunst-1.12.1-man
copying path '/nix/store/0jynjh85294f9pczwnv12j26xdb0y5sd-dunst-1.12.1-man' from 'https://cache.nixos.org'...
copying path '/nix/store/hif3h3g8mvvrgsbmxqzxhd11h2rrh2mw-dunst-1.12.1' from 'https://cache.nixos.org'...
building '/nix/store/nng6j7750r5xhhzizha87bs0a3m99fsh-system-path.drv'...
building '/nix/store/f18ry6w5fazkl28xflk2f7vjqini1qxn-X-Restart-Triggers-polkit.drv'...
building '/nix/store/a0zgq9gydqx0gn3rii5747bbb3qag1lz-dbus-1.drv'...
building '/nix/store/9gd27xywm62zlvjf7mif4xi8drj8va3v-unit-accounts-daemon.service.drv'...
building '/nix/store/xvk972kzg26wv8x0y8i9dngbl02xf8v4-X-Restart-Triggers-dbus.drv'...
building '/nix/store/10zn3wnmrhbya9yfxwhx3jrdwwq9gsap-unit-polkit.service.drv'...
building '/nix/store/5jzjjlvcn6q635yxcys5sbcz1fx2dkp7-unit-dbus.service.drv'...
building '/nix/store/ryix3siprzm3f1mwkbiyysxbyxdpv28h-unit-dbus.service.drv'...
building '/nix/store/28vbzasvriz60dsaycsa65cm1nl0p7bb-user-units.drv'...
building '/nix/store/6j9298dj3d693k1rrmccwsnqgg9gpj0a-system-units.drv'...
building '/nix/store/9vyqid05q0gkkldkx0rhsmka46lvzy4p-etc.drv'...
building '/nix/store/pssfd1fzw57v13ah9jkdycg5qiayz2md-nixos-system-angryluck-25.05.20250208.a79cfe0.drv'...
stopping the following units: accounts-daemon.service
activating the configuration...
setting up /etc...
reloading user units for angryluck...
restarting sysinit-reactivation.target
reloading the following units: dbus.service
restarting the following units: polkit.service
starting the following units: accounts-daemon.service
the following new units were started: fwupd-refresh.service, fwupd.service, network-online.target, NetworkManager-dispatcher.service, NetworkManager-wait-online.service, sysinit-reactivation.target, systemd-tmpfiles-resetup.service, udisks2.service, upower.service
Done. The new configuration is /nix/store/f6v1ipjl14ag4b52phv33fs47kb4lpc2-nixos-system-angryluck-25.05.20250208.a79cfe0
